15.0 1.431534767150879
14.8 2.6337521076202393
14.70 3.8332252502441406
14.60 5.037049770355225
14.50 6.239530324935913
14.40 7.4428346157073975
14.30 8.651235580444336
14.20 9.860215902328491
14.10 11.06597089767456
14.00 12.268030166625977
13.90 13.47308087348938
13.80 14.682948112487793
13.70 15.887409687042236
13.60 17.100695610046387
13.50 18.31089210510254
13.40 19.515693187713623
13.30 20.722435235977173
13.20 21.923940658569336
13.10 23.13463830947876
13.00 24.343210220336914
12.90 25.55574679374695
12.80 26.757991552352905
12.70 27.963565587997437
12.60 29.169039249420166
12.50 30.375696420669556
12.40 31.58288335800171
12.30 32.78628849983215
12.20 33.988266468048096
12.10 35.190836668014526
12.00 36.40637946128845
11.90 37.616809606552124
11.80 38.82424545288086
11.70 40.02874159812927
11.60 41.22946095466614
11.50 42.42682218551636
11.40 43.62810254096985
11.30 44.83008646965027
11.20 46.034741163253784
11.10 47.245532274246216
11.00 48.444498777389526
10.90 49.64329195022583
10.80 50.840309381484985
10.70 52.03670024871826
10.60 53.235679626464844
10.50 54.44049620628357
10.40 55.65257453918457
10.30 56.86500573158264
10.20 58.06511926651001
10.10 59.26742124557495
10.00 60.4755322933197
15.0 61.769207239151
14.9 62.9788453578949
14.8 64.19285798072815
14.70 65.4059009552002
14.60 66.61773347854614
14.50 67.82126879692078
14.40 69.0161292552948
14.30 70.21850252151489
14.20 71.4288923740387
14.10 72.64096593856812
14.00 73.84351897239685
13.90 75.05470490455627
13.80 76.2597131729126
13.70 77.47800970077515
13.60 78.69885206222534
13.50 79.92665982246399
13.40 81.1514196395874
13.30 82.37764883041382
13.20 83.60513186454773
13.10 84.82943987846375
13.00 86.05016326904297
12.90 87.27267861366272
12.80 88.49368524551392
12.70 89.72059440612793
12.60 90.94191431999207
12.50 92.17970061302185
12.40 93.39991617202759
12.30 94.62030124664307
12.20 95.83877992630005
12.10 97.05920243263245
12.00 98.27898097038269
11.90 99.49924874305725
11.80 100.71485948562622
11.70 101.94191980361938
11.60 103.1706805229187
11.50 104.40671873092651
11.40 105.62852048873901
11.30 106.85461115837097
11.20 108.06357431411743
11.10 109.27524971961975
11.00 110.48879718780518
10.90 111.7017080783844
10.80 112.91134595870972
10.70 114.11309790611267
10.60 115.32483863830566
10.50 116.52863550186157
10.40 117.7286262512207
10.30 118.93153619766235
10.20 120.5307605266571
10.10 121.74366188049316
10.00 122.9598035812378
15.0 124.16891384124756
14.9 125.36352705955505
14.8 126.59119248390198
14.70 127.8159806728363
14.60 129.0508737564087
14.50 130.251891374588
14.40 131.45714569091797
14.30 132.65781688690186
14.20 133.8777768611908
14.10 135.11624813079834
14.00 136.33369088172913
13.90 137.53048038482666
13.80 138.75399804115295
13.70 139.96662712097168
13.60 141.17208337783813
13.50 142.39245581626892
13.40 143.6025311946869
13.30 144.95428466796875
13.20 146.18977570533752
13.10 147.4106888771057
13.00 148.61708664894104
12.90 149.82041144371033
12.80 151.02854919433594
12.70 152.24014472961426
12.60 153.45390057563782
12.50 154.6580147743225
12.40 155.85596561431885
12.30 157.06072330474854
12.20 158.2631163597107
12.10 159.47040367126465
12.00 160.67766332626343
11.90 161.8836133480072
11.80 163.0927894115448
11.70 164.30365204811096
11.60 165.5141966342926
11.50 166.7131552696228
11.40 167.9225332736969
11.30 169.12615990638733
11.20 170.33288884162903
11.10 171.54749369621277
11.00 172.75440096855164
10.90 173.96224212646484
10.80 175.17615246772766
10.70 176.39186763763428
10.60 177.59929060935974
10.50 178.80213928222656
10.40 180.0122194290161
10.30 181.22279000282288
10.20 182.43421697616577
10.10 183.64778447151184
10.00 184.8545663356781
15.0 186.06457924842834
14.9 187.27966976165771
